#
# There is insufficient memory for the Java Runtime Environment to continue.
# Native memory allocation (mmap) failed to map 536870912 bytes for G1 virtual space
# Possible reasons:
#   The system is out of physical RAM or swap space
#   The process is running with CompressedOops enabled, and the Java Heap may be blocking the growth of the native heap
# Possible solutions:
#   Reduce memory load on the system
#   Increase physical memory or swap space
#   Check if swap backing store is full
#   Decrease Java heap size (-Xmx/-Xms)
#   Decrease number of Java threads
#   Decrease Java thread stack sizes (-Xss)
#   Set larger code cache with -XX:ReservedCodeCacheSize=
#   JVM is running with Zero Based Compressed Oops mode in which the Java heap is
#     placed in the first 32GB address space. The Java Heap base address is the
#     maximum limit for the native heap growth. Please use -XX:HeapBaseMinAddress
#     to set the Java Heap base and to place the Java Heap above 32GB virtual address.
# This output file may be truncated or incomplete.
#
#  Out of Memory Error (./open/src/hotspot/os/windows/os_windows.cpp:3472), pid=49108, tid=49408
#
# JRE version:  (15.0.1+9) (build )
# Java VM: Java HotSpot(TM) 64-Bit Server VM (15.0.1+9-18, mixed mode, sharing, tiered, compressed oops, g1 gc, windows-amd64)
# No core dump will be written. Minidumps are not enabled by default on client versions of Windows
#

---------------  S U M M A R Y ------------

Command Line: -Dfile.encoding=Cp1252 -XX:+ShowCodeDetailsInExceptionMessages TodayDate

Host: Intel(R) Core(TM) i7-6700K CPU @ 4.00GHz, 8 cores, 31G,  Windows 10 , 64 bit Build 19041 (10.0.19041.928)
Time: Sun May 16 18:16:18 2021 Central Daylight Time elapsed time: 0.011733 seconds (0d 0h 0m 0s)

---------------  T H R E A D  ---------------

Current thread (0x0000023fdf121d80):  JavaThread "Unknown thread" [_thread_in_vm, id=49408, stack(0x0000008f9f200000,0x0000008f9f300000)]

Stack: [0x0000008f9f200000,0x0000008f9f300000]
Native frames: (J=compiled Java code, j=interpreted, Vv=VM code, C=native code)
V  [jvm.dll+0x62ae9a]
V  [jvm.dll+0x781389]
V  [jvm.dll+0x782ae3]
V  [jvm.dll+0x783143]
V  [jvm.dll+0x216265]
V  [jvm.dll+0x6281d9]
V  [jvm.dll+0x61cd15]
V  [jvm.dll+0x2d01fd]
V  [jvm.dll+0x2d0062]
V  [jvm.dll+0x2d603c]
V  [jvm.dll+0x325b2a]
V  [jvm.dll+0x3251f4]
V  [jvm.dll+0x2a717a]
V  [jvm.dll+0x2a8318]
V  [jvm.dll+0x75e101]
V  [jvm.dll+0x3343e4]
V  [jvm.dll+0x73e826]
V  [jvm.dll+0x3b7777]
V  [jvm.dll+0x3b9201]
C  [jli.dll+0x52fb]
C  [ucrtbase.dll+0x21bb2]
C  [KERNEL32.DLL+0x17034]
C  [ntdll.dll+0x52651]


---------------  P R O C E S S  ---------------

Threads class SMR info:
_java_thread_list=0x00007ff923a24ff0, length=0, elements={
}

Java Threads: ( => current thread )

Other Threads:
  0x0000023fdf1981e0 GCTaskThread "GC Thread#0" [stack: 0x0000008f9f300000,0x0000008f9f400000] [id=48524]
  0x0000023fdf1aaaf0 ConcurrentGCThread "G1 Main Marker" [stack: 0x0000008f9f400000,0x0000008f9f500000] [id=50084]
  0x0000023fdf1ac600 ConcurrentGCThread "G1 Conc#0" [stack: 0x0000008f9f500000,0x0000008f9f600000] [id=49124]

[error occurred during error reporting (printing all threads), id 0xc0000005, EXCEPTION_ACCESS_VIOLATION (0xc0000005) at pc=0x00007ff923218047]

VM state: not at safepoint (not fully initialized)

VM Mutex/Monitor currently owned by a thread:  ([mutex/lock_event])
[0x0000023fdf11dc40] Heap_lock - owner thread: 0x0000023fdf121d80

Heap address: 0x0000000601000000, size: 8176 MB, Compressed Oops mode: Zero based, Oop shift amount: 3
CDS archive(s) mapped at: [0x0000000000000000-0x0000000000000000-0x0000000000000000), size 0, SharedBaseAddress: 0x0000000800000000, ArchiveRelocationMode: 0.
Narrow klass base: 0x0000000000000000, Narrow klass shift: 0, Narrow klass range: 0x0

Heap:
 garbage-first heap   total 524288K, used 0K [0x0000000601000000, 0x0000000800000000)
  region size 4096K, 0 young (0K), 0 survivors (0K)
 Metaspace       used 0K, capacity 0K, committed 0K, reserved 0K
  class space    used 0K, capacity 0K, committed 0K, reserved 0K

Heap Regions: E=young(eden), S=young(survivor), O=old, HS=humongous(starts), HC=humongous(continues), CS=collection set, F=free, OA=open archive, CA=closed archive, TAMS=top-at-mark-start (previous, next)

Card table byte_map: [0x0000023ff95b0000,0x0000023ffa5b0000] _byte_map_base: 0x0000023ff65a8000

Marking Bits (Prev, Next): (CMBitMap*) 0x0000023fdf199970, (CMBitMap*) 0x0000023fdf1999b0
 Prev Bits: [0x0000023f80000000, 0x0000023f87fc0000)
 Next Bits: [0x0000023f87fc0000, 0x0000023f8ff80000)

GC Heap History (0 events):
No events

Deoptimization events (0 events):
No events

Classes unloaded (0 events):
No events

Classes redefined (0 events):
No events

Internal exceptions (0 events):
No events

Events (1 events):
Event: 0.008 Loaded shared library C:\Program Files\Java\jdk-15.0.1\bin\java.dll


Dynamic libraries:
0x00007ff67cc20000 - 0x00007ff67cc2f000 	C:\Program Files\Java\jdk-15.0.1\bin\javaw.exe
0x00007ff98b890000 - 0x00007ff98ba85000 	C:\WINDOWS\SYSTEM32\ntdll.dll
0x00007ff98b790000 - 0x00007ff98b84d000 	C:\WINDOWS\System32\KERNEL32.DLL
0x00007ff989100000 - 0x00007ff9893c8000 	C:\WINDOWS\System32\KERNELBASE.dll
0x00007ff988fd0000 - 0x00007ff9890d0000 	C:\WINDOWS\System32\ucrtbase.dll
0x00007ff981c50000 - 0x00007ff981c68000 	C:\Program Files\Java\jdk-15.0.1\bin\jli.dll
0x00007ff981c30000 - 0x00007ff981c49000 	C:\Program Files\Java\jdk-15.0.1\bin\VCRUNTIME140.dll
0x00007ff98a480000 - 0x00007ff98a52c000 	C:\WINDOWS\System32\ADVAPI32.dll
0x00007ff989f70000 - 0x00007ff98a00e000 	C:\WINDOWS\System32\msvcrt.dll
0x00007ff98b2d0000 - 0x00007ff98b36b000 	C:\WINDOWS\System32\sechost.dll
0x00007ff98a2e0000 - 0x00007ff98a40b000 	C:\WINDOWS\System32\RPCRT4.dll
0x00007ff98a070000 - 0x00007ff98a210000 	C:\WINDOWS\System32\USER32.dll
0x00007ff9890d0000 - 0x00007ff9890f2000 	C:\WINDOWS\System32\win32u.dll
0x00007ff989d90000 - 0x00007ff989dba000 	C:\WINDOWS\System32\GDI32.dll
0x00007ff9894b0000 - 0x00007ff9895bb000 	C:\WINDOWS\System32\gdi32full.dll
0x00007ff989670000 - 0x00007ff98970d000 	C:\WINDOWS\System32\msvcp_win.dll
0x00007ff979c40000 - 0x00007ff979eda000 	C:\WINDOWS\WinSxS\amd64_microsoft.windows.common-controls_6595b64144ccf1df_6.0.19041.844_none_ca00b6081b84eb1d\COMCTL32.dll
0x00007ff9817e0000 - 0x00007ff9817ea000 	C:\WINDOWS\SYSTEM32\VERSION.dll
0x00007ff98ace0000 - 0x00007ff98ad10000 	C:\WINDOWS\System32\IMM32.DLL
0x00007ff981c20000 - 0x00007ff981c2c000 	C:\Program Files\Java\jdk-15.0.1\bin\vcruntime140_1.dll
0x00007ff981b80000 - 0x00007ff981c11000 	C:\Program Files\Java\jdk-15.0.1\bin\msvcp140.dll
0x00007ff922f60000 - 0x00007ff923abe000 	C:\Program Files\Java\jdk-15.0.1\bin\server\jvm.dll
0x00007ff989cd0000 - 0x00007ff989cd8000 	C:\WINDOWS\System32\PSAPI.DLL
0x00007ff96ecb0000 - 0x00007ff96ecb9000 	C:\WINDOWS\SYSTEM32\WSOCK32.dll
0x00007ff97ae50000 - 0x00007ff97ae77000 	C:\WINDOWS\SYSTEM32\WINMM.dll
0x00007ff98a410000 - 0x00007ff98a47b000 	C:\WINDOWS\System32\WS2_32.dll
0x00007ff986f20000 - 0x00007ff986f32000 	C:\WINDOWS\SYSTEM32\kernel.appcore.dll
0x00007ff9840f0000 - 0x00007ff9840fa000 	C:\Program Files\Java\jdk-15.0.1\bin\jimage.dll
0x00007ff9868d0000 - 0x00007ff986ab4000 	C:\WINDOWS\SYSTEM32\DBGHELP.DLL
0x00007ff980e70000 - 0x00007ff980e9c000 	C:\WINDOWS\SYSTEM32\dbgcore.DLL
0x00007ff989870000 - 0x00007ff9898f0000 	C:\WINDOWS\System32\bcryptPrimitives.dll
0x00007ff9840c0000 - 0x00007ff9840e5000 	C:\Program Files\Java\jdk-15.0.1\bin\java.dll

dbghelp: loaded successfully - version: 4.0.5 - missing functions: none
symbol engine: initialized successfully - sym options: 0x614 - pdb path: .;C:\Program Files\Java\jdk-15.0.1\bin;C:\WINDOWS\SYSTEM32;C:\WINDOWS\WinSxS\amd64_microsoft.windows.common-controls_6595b64144ccf1df_6.0.19041.844_none_ca00b6081b84eb1d;C:\Program Files\Java\jdk-15.0.1\bin\server

VM Arguments:
jvm_args: -Dfile.encoding=Cp1252 -XX:+ShowCodeDetailsInExceptionMessages 
java_command: TodayDate
java_class_path (initial): C:\Users\Tyler\eclipse-workspace\ToDoList
Launcher Type: SUN_STANDARD

[Global flags]
     intx CICompilerCount                          = 4                                         {product} {ergonomic}
     uint ConcGCThreads                            = 2                                         {product} {ergonomic}
     uint G1ConcRefinementThreads                  = 8                                         {product} {ergonomic}
   size_t G1HeapRegionSize                         = 4194304                                   {product} {ergonomic}
    uintx GCDrainStackTargetSize                   = 64                                        {product} {ergonomic}
   size_t InitialHeapSize                          = 536870912                                 {product} {ergonomic}
   size_t MarkStackSize                            = 4194304                                   {product} {ergonomic}
   size_t MaxHeapSize                              = 8573157376                                {product} {ergonomic}
   size_t MinHeapDeltaBytes                        = 4194304                                   {product} {ergonomic}
   size_t MinHeapSize                              = 8388608                                   {product} {ergonomic}
    uintx NonNMethodCodeHeapSize                   = 5839372                                {pd product} {ergonomic}
    uintx NonProfiledCodeHeapSize                  = 122909434                              {pd product} {ergonomic}
    uintx ProfiledCodeHeapSize                     = 122909434                              {pd product} {ergonomic}
    uintx ReservedCodeCacheSize                    = 251658240                              {pd product} {ergonomic}
     bool SegmentedCodeCache                       = true                                      {product} {ergonomic}
     bool ShowCodeDetailsInExceptionMessages       = true                                   {manageable} {command line}
   size_t SoftMaxHeapSize                          = 8573157376                             {manageable} {ergonomic}
     bool UseCompressedClassPointers               = true                                 {lp64_product} {ergonomic}
     bool UseCompressedOops                        = true                                 {lp64_product} {ergonomic}
     bool UseG1GC                                  = true                                      {product} {ergonomic}
     bool UseLargePagesIndividualAllocation        = false                                  {pd product} {ergonomic}

Logging:
Log output configuration:
 #0: stdout all=warning uptime,level,tags
 #1: stderr all=off uptime,level,tags

Environment Variables:
PATH=C:/Program Files/Java/jdk-15.0.1/bin/server;C:/Program Files/Java/jdk-15.0.1/bin;C:\Program Files\Common Files\Oracle\Java\javapath;C:\Program Files (x86)\Razer\ChromaBroadcast\bin;C:\Program Files\Razer\ChromaBroadcast\bin;C:\Program Files\Common Files\Microsoft Shared\Windows Live;C:\Program Files (x86)\Common Files\Microsoft Shared\Windows Live;C:\ProgramData\Oracle\Java\javapath;C:\Program Files (x86)\Razer Chroma SDK\bin;C:\Program Files\Razer Chroma SDK\bin;C:\Program Files (x86)\Intel\iCLS Client\;C:\Program Files\Intel\iCLS Client\;C:\Windows\system32;C:\Windows;C:\Windows\System32\Wbem;C:\Windows\System32\WindowsPowerShell\v1.0\;C:\Program Files (x86)\Intel\Intel(R) Management Engine Components\DAL;C:\Program Files\Intel\Intel(R) Management Engine Components\DAL;C:\Program Files (x86)\Intel\Intel(R) Management Engine Components\IPT;C:\Program Files\Intel\Intel(R) Management Engine Components\IPT;C:\Program Files (x86)\NVIDIA Corporation\PhysX\Common;C:\Program Files\Git\cmd;C:\Program Files (x86)\Windows Live\Shared;C:\WINDOWS\system32;C:\WINDOWS;C:\WINDOWS\System32\Wbem;C:\WINDOWS\System32\WindowsPowerShell\v1.0\;C:\Program Files (x86)\GtkSharp\2.12\bin;C:\WINDOWS\System32\OpenSSH\;C:\Program Files (x86)\MKVToolNix;C:\Program Files\NVIDIA Corporation\NVIDIA NvDLISR;C:\ProgramData\chocolatey\bin;C:\Users\Tyler\AppData\Local\Programs\Python\Python38-32\Scripts\;C:\Users\Tyler\AppData\Local\Programs\Python\Python38-32\;C:\Program Files\Docker Toolbox;C:\Users\Tyler\AppData\Local\Microsoft\WindowsApps;C:\tools\neovim\Neovim\bin;C:\Program Files\MKVToolNix;C:\Program Files (x86)\Calibre2\;%SystemRoot%\system32;%SystemRoot%;%SystemRoot%\System32\Wbem;%SYSTEMROOT%\System32\WindowsPowerShell\v1.0\;%SYSTEMROOT%\System32\OpenSSH\;C:\Users\Tyler\AppData\Local\Programs\Python\Python38-32\Scripts\;C:\Users\Tyler\AppData\Local\Programs\Python\Python38-32\;C:\Users\Tyler\AppData\Local\Microsoft\WindowsApps;C:\tools\neovim\Neovim\bin;C:\Program Files\MKVToolNix;;C:\User
USERNAME=Tyler
OS=Windows_NT
PROCESSOR_IDENTIFIER=Intel64 Family 6 Model 94 Stepping 3, GenuineIntel



---------------  S Y S T E M  ---------------

OS:
 Windows 10 , 64 bit Build 19041 (10.0.19041.928)
OS uptime: 2 days 6:28 hours

CPU: total 8 (initial active 8) (4 cores per cpu, 2 threads per core) family 6 model 94 stepping 3 microcode 0xd6, cmov, cx8, fxsr, mmx, sse, sse2, sse3, ssse3, sse4.1, sse4.2, popcnt, vzeroupper, avx, avx2, aes, clmul, erms, rtm, 3dnowpref, lzcnt, ht, tsc, tscinvbit, bmi1, bmi2, adx, fma, clflush, clflushopt

Memory: 4k page, system-wide physical 32689M (18018M free)
TotalPageFile size 120033M (AvailPageFile size 140M)
current process WorkingSet (physical memory assigned to process): 10M, peak: 10M
current process commit charge ("private bytes"): 60M, peak: 572M

vm_info: Java HotSpot(TM) 64-Bit Server VM (15.0.1+9-18) for windows-amd64 JRE (15.0.1+9-18), built on Sep 15 2020 14:43:54 by "mach5one" with unknown MS VC++:1925

END.
